seed_key: OMG
seed: ['0', '1']
num: 5
---
0
   0 :    1 : 0
   1 :    1 : 1
1
   0 :    1 : 0
   1 :    2 : 01
   2 :    1 : 1
2
   0 :    1 : 0
   1 :    3 : 001
   2 :    2 : 01
   3 :    3 : 011
   4 :    1 : 1
3
   0 :    1 : 0
   1 :    4 : 0001
   2 :    3 : 001
   3 :    5 : 00101
   4 :    2 : 01
   5 :    5 : 01011
   6 :    3 : 011
   7 :    4 : 0111
   8 :    1 : 1
4
   0 :    1 : 0
   1 :    5 : 00001
   2 :    4 : 0001
   3 :    7 : 0001001
   4 :    3 : 001
   5 :    8 : 00100101
   6 :    5 : 00101
   7 :    7 : 0010101
   8 :    2 : 01
   9 :    7 : 0101011
  10 :    5 : 01011
  11 :    8 : 01011011
  12 :    3 : 011
  13 :    7 : 0110111
  14 :    4 : 0111
  15 :    5 : 01111
  16 :    1 : 1
5
   0 :    1 : 0
   1 :    6 : 000001
   2 :    5 : 00001
   3 :    9 : 000010001
   4 :    4 : 0001
   5 :   11 : 00010001001
   6 :    7 : 0001001
   7 :   10 : 0001001001
   8 :    3 : 001
   9 :   11 : 00100100101
  10 :    8 : 00100101
  11 :   13 : 0010010100101
  12 :    5 : 00101
  13 :   12 : 001010010101
  14 :    7 : 0010101
  15 :    9 : 001010101
  16 :    2 : 01
  17 :    9 : 010101011
  18 :    7 : 0101011
  19 :   12 : 010101101011
  20 :    5 : 01011
  21 :   13 : 0101101011011
  22 :    8 : 01011011
  23 :   11 : 01011011011
  24 :    3 : 011
  25 :   10 : 0110110111
  26 :    7 : 0110111
  27 :   11 : 01101110111
  28 :    4 : 0111
  29 :    9 : 011101111
  30 :    5 : 01111
  31 :    6 : 011111
  32 :    1 : 1
