seed_key: OMG
seed: ['0', '1']
num: 5
---
0
        0: 0
        1: 1
1
        0: 0
        1: 01
        2: 1
2
        0: 0
        1: 001
        2: 01
        3: 011
        4: 1
3
        0: 0
        1: 0001
        2: 001
        3: 00101
        4: 01
        5: 01011
        6: 011
        7: 0111
        8: 1
4
        0: 0
        1: 00001
        2: 0001
        3: 0001001
        4: 001
        5: 00100101
        6: 00101
        7: 0010101
        8: 01
        9: 0101011
       10: 01011
       11: 01011011
       12: 011
       13: 0110111
       14: 0111
       15: 01111
       16: 1
5
        0: 0
        1: 000001
        2: 00001
        3: 000010001
        4: 0001
        5: 00010001001
        6: 0001001
        7: 0001001001
        8: 001
        9: 00100100101
       10: 00100101
       11: 0010010100101
       12: 00101
       13: 001010010101
       14: 0010101
       15: 001010101
       16: 01
       17: 010101011
       18: 0101011
       19: 010101101011
       20: 01011
       21: 0101101011011
       22: 01011011
       23: 01011011011
       24: 011
       25: 0110110111
       26: 0110111
       27: 01101110111
       28: 0111
       29: 011101111
       30: 01111
       31: 011111
       32: 1
